
*** Running vivado
    with args -log user_proj_example.vds -m64 -product Vivado -mode batch -messageDb vivado.pb -notrace -source user_proj_example.tcl



****** Vivado v2022.1 (64-bit)
  **** SW Build 3526262 on Mon Apr 18 15:48:16 MDT 2022
  **** IP Build 3524634 on Mon Apr 18 20:55:01 MDT 2022
    ** Copyright 1986-2022 Xilinx, Inc. All Rights Reserved.

source user_proj_example.tcl -notrace
create_project: Time (s): cpu = 00:00:04 ; elapsed = 00:00:09 . Memory (MB): peak = 1624.043 ; gain = 0.000
Command: read_checkpoint -auto_incremental -incremental C:/Users/samlo/vivado/lab-exmem_fir/lab-exmem_fir.srcs/utils_1/imports/synth_1/user_proj_example.dcp
INFO: [Vivado 12-5825] Read reference checkpoint from C:/Users/samlo/vivado/lab-exmem_fir/lab-exmem_fir.srcs/utils_1/imports/synth_1/user_proj_example.dcp for incremental synthesis
INFO: [Vivado 12-7989] Please ensure there are no constraint changes
Command: synth_design -top user_proj_example -part xc7z020clg400-1
Starting synth_design
Attempting to get a license for feature 'Synthesis' and/or device 'xc7z020'
INFO: [Common 17-349] Got license for feature 'Synthesis' and/or device 'xc7z020'
INFO: [Device 21-403] Loading part xc7z020clg400-1
INFO: [Designutils 20-5440] No compile time benefit to using incremental synthesis; A full resynthesis will be run
INFO: [Designutils 20-4379] Flow is switching to default flow due to incremental criteria not met. If you would like to alter this behaviour and have the flow terminate instead, please set the following parameter config_implementation {autoIncr.Synth.RejectBehavior Terminate}
INFO: [Synth 8-7079] Multithreading enabled for synth_design using a maximum of 2 processes.
INFO: [Synth 8-7078] Launching helper process for spawning children vivado processes
INFO: [Synth 8-7075] Helper process launched with PID 9044
WARNING: [Synth 8-8895] 'ram_wren' is already implicitly declared on line 168 [C:/Users/samlo/Desktop/lab-exmem_fir/rtl/user/user_proj_example.counter.v:182]
WARNING: [Synth 8-8895] 'ram_en' is already implicitly declared on line 169 [C:/Users/samlo/Desktop/lab-exmem_fir/rtl/user/user_proj_example.counter.v:183]
WARNING: [Synth 8-9971] redeclaration of ansi port 'wbs_ack_o' is not allowed [C:/Users/samlo/Desktop/lab-exmem_fir/rtl/user/user_proj_example.counter.v:193]
---------------------------------------------------------------------------------
Starting RTL Elaboration : Time (s): cpu = 00:00:08 ; elapsed = 00:00:13 . Memory (MB): peak = 1624.043 ; gain = 0.000
---------------------------------------------------------------------------------
INFO: [Synth 8-6157] synthesizing module 'user_proj_example' [C:/Users/samlo/Desktop/lab-exmem_fir/rtl/user/user_proj_example.counter.v:103]
INFO: [Synth 8-6157] synthesizing module 'bram' [C:/Users/samlo/Desktop/lab-exmem_fir/rtl/user/bram.v:1]
INFO: [Synth 8-6155] done synthesizing module 'bram' (0#1) [C:/Users/samlo/Desktop/lab-exmem_fir/rtl/user/bram.v:1]
INFO: [Synth 8-6155] done synthesizing module 'user_proj_example' (0#1) [C:/Users/samlo/Desktop/lab-exmem_fir/rtl/user/user_proj_example.counter.v:103]
WARNING: [Synth 8-3848] Net la_data_out in module/entity user_proj_example does not have driver. [C:/Users/samlo/Desktop/lab-exmem_fir/rtl/user/user_proj_example.counter.v:127]
WARNING: [Synth 8-3848] Net io_out in module/entity user_proj_example does not have driver. [C:/Users/samlo/Desktop/lab-exmem_fir/rtl/user/user_proj_example.counter.v:132]
WARNING: [Synth 8-3848] Net io_oeb in module/entity user_proj_example does not have driver. [C:/Users/samlo/Desktop/lab-exmem_fir/rtl/user/user_proj_example.counter.v:133]
WARNING: [Synth 8-3848] Net irq in module/entity user_proj_example does not have driver. [C:/Users/samlo/Desktop/lab-exmem_fir/rtl/user/user_proj_example.counter.v:136]
WARNING: [Synth 8-7129] Port A0[31] in module bram is either unconnected or has no load
WARNING: [Synth 8-7129] Port A0[30] in module bram is either unconnected or has no load
WARNING: [Synth 8-7129] Port A0[29] in module bram is either unconnected or has no load
WARNING: [Synth 8-7129] Port A0[28] in module bram is either unconnected or has no load
WARNING: [Synth 8-7129] Port A0[27] in module bram is either unconnected or has no load
WARNING: [Synth 8-7129] Port A0[26] in module bram is either unconnected or has no load
WARNING: [Synth 8-7129] Port A0[25] in module bram is either unconnected or has no load
WARNING: [Synth 8-7129] Port A0[24] in module bram is either unconnected or has no load
WARNING: [Synth 8-7129] Port A0[23] in module bram is either unconnected or has no load
WARNING: [Synth 8-7129] Port A0[22] in module bram is either unconnected or has no load
WARNING: [Synth 8-7129] Port A0[21] in module bram is either unconnected or has no load
WARNING: [Synth 8-7129] Port A0[20] in module bram is either unconnected or has no load
WARNING: [Synth 8-7129] Port A0[19] in module bram is either unconnected or has no load
WARNING: [Synth 8-7129] Port A0[18] in module bram is either unconnected or has no load
WARNING: [Synth 8-7129] Port A0[17] in module bram is either unconnected or has no load
WARNING: [Synth 8-7129] Port A0[16] in module bram is either unconnected or has no load
WARNING: [Synth 8-7129] Port A0[15] in module bram is either unconnected or has no load
WARNING: [Synth 8-7129] Port A0[14] in module bram is either unconnected or has no load
WARNING: [Synth 8-7129] Port A0[13] in module bram is either unconnected or has no load
WARNING: [Synth 8-7129] Port A0[12] in module bram is either unconnected or has no load
WARNING: [Synth 8-7129] Port la_data_out[127] in module user_proj_example is either unconnected or has no load
WARNING: [Synth 8-7129] Port la_data_out[126] in module user_proj_example is either unconnected or has no load
WARNING: [Synth 8-7129] Port la_data_out[125] in module user_proj_example is either unconnected or has no load
WARNING: [Synth 8-7129] Port la_data_out[124] in module user_proj_example is either unconnected or has no load
WARNING: [Synth 8-7129] Port la_data_out[123] in module user_proj_example is either unconnected or has no load
WARNING: [Synth 8-7129] Port la_data_out[122] in module user_proj_example is either unconnected or has no load
WARNING: [Synth 8-7129] Port la_data_out[121] in module user_proj_example is either unconnected or has no load
WARNING: [Synth 8-7129] Port la_data_out[120] in module user_proj_example is either unconnected or has no load
WARNING: [Synth 8-7129] Port la_data_out[119] in module user_proj_example is either unconnected or has no load
WARNING: [Synth 8-7129] Port la_data_out[118] in module user_proj_example is either unconnected or has no load
WARNING: [Synth 8-7129] Port la_data_out[117] in module user_proj_example is either unconnected or has no load
WARNING: [Synth 8-7129] Port la_data_out[116] in module user_proj_example is either unconnected or has no load
WARNING: [Synth 8-7129] Port la_data_out[115] in module user_proj_example is either unconnected or has no load
WARNING: [Synth 8-7129] Port la_data_out[114] in module user_proj_example is either unconnected or has no load
WARNING: [Synth 8-7129] Port la_data_out[113] in module user_proj_example is either unconnected or has no load
WARNING: [Synth 8-7129] Port la_data_out[112] in module user_proj_example is either unconnected or has no load
WARNING: [Synth 8-7129] Port la_data_out[111] in module user_proj_example is either unconnected or has no load
WARNING: [Synth 8-7129] Port la_data_out[110] in module user_proj_example is either unconnected or has no load
WARNING: [Synth 8-7129] Port la_data_out[109] in module user_proj_example is either unconnected or has no load
WARNING: [Synth 8-7129] Port la_data_out[108] in module user_proj_example is either unconnected or has no load
WARNING: [Synth 8-7129] Port la_data_out[107] in module user_proj_example is either unconnected or has no load
WARNING: [Synth 8-7129] Port la_data_out[106] in module user_proj_example is either unconnected or has no load
WARNING: [Synth 8-7129] Port la_data_out[105] in module user_proj_example is either unconnected or has no load
WARNING: [Synth 8-7129] Port la_data_out[104] in module user_proj_example is either unconnected or has no load
WARNING: [Synth 8-7129] Port la_data_out[103] in module user_proj_example is either unconnected or has no load
WARNING: [Synth 8-7129] Port la_data_out[102] in module user_proj_example is either unconnected or has no load
WARNING: [Synth 8-7129] Port la_data_out[101] in module user_proj_example is either unconnected or has no load
WARNING: [Synth 8-7129] Port la_data_out[100] in module user_proj_example is either unconnected or has no load
WARNING: [Synth 8-7129] Port la_data_out[99] in module user_proj_example is either unconnected or has no load
WARNING: [Synth 8-7129] Port la_data_out[98] in module user_proj_example is either unconnected or has no load
WARNING: [Synth 8-7129] Port la_data_out[97] in module user_proj_example is either unconnected or has no load
WARNING: [Synth 8-7129] Port la_data_out[96] in module user_proj_example is either unconnected or has no load
WARNING: [Synth 8-7129] Port la_data_out[95] in module user_proj_example is either unconnected or has no load
WARNING: [Synth 8-7129] Port la_data_out[94] in module user_proj_example is either unconnected or has no load
WARNING: [Synth 8-7129] Port la_data_out[93] in module user_proj_example is either unconnected or has no load
WARNING: [Synth 8-7129] Port la_data_out[92] in module user_proj_example is either unconnected or has no load
WARNING: [Synth 8-7129] Port la_data_out[91] in module user_proj_example is either unconnected or has no load
WARNING: [Synth 8-7129] Port la_data_out[90] in module user_proj_example is either unconnected or has no load
WARNING: [Synth 8-7129] Port la_data_out[89] in module user_proj_example is either unconnected or has no load
WARNING: [Synth 8-7129] Port la_data_out[88] in module user_proj_example is either unconnected or has no load
WARNING: [Synth 8-7129] Port la_data_out[87] in module user_proj_example is either unconnected or has no load
WARNING: [Synth 8-7129] Port la_data_out[86] in module user_proj_example is either unconnected or has no load
WARNING: [Synth 8-7129] Port la_data_out[85] in module user_proj_example is either unconnected or has no load
WARNING: [Synth 8-7129] Port la_data_out[84] in module user_proj_example is either unconnected or has no load
WARNING: [Synth 8-7129] Port la_data_out[83] in module user_proj_example is either unconnected or has no load
WARNING: [Synth 8-7129] Port la_data_out[82] in module user_proj_example is either unconnected or has no load
WARNING: [Synth 8-7129] Port la_data_out[81] in module user_proj_example is either unconnected or has no load
WARNING: [Synth 8-7129] Port la_data_out[80] in module user_proj_example is either unconnected or has no load
WARNING: [Synth 8-7129] Port la_data_out[79] in module user_proj_example is either unconnected or has no load
WARNING: [Synth 8-7129] Port la_data_out[78] in module user_proj_example is either unconnected or has no load
WARNING: [Synth 8-7129] Port la_data_out[77] in module user_proj_example is either unconnected or has no load
WARNING: [Synth 8-7129] Port la_data_out[76] in module user_proj_example is either unconnected or has no load
WARNING: [Synth 8-7129] Port la_data_out[75] in module user_proj_example is either unconnected or has no load
WARNING: [Synth 8-7129] Port la_data_out[74] in module user_proj_example is either unconnected or has no load
WARNING: [Synth 8-7129] Port la_data_out[73] in module user_proj_example is either unconnected or has no load
WARNING: [Synth 8-7129] Port la_data_out[72] in module user_proj_example is either unconnected or has no load
WARNING: [Synth 8-7129] Port la_data_out[71] in module user_proj_example is either unconnected or has no load
WARNING: [Synth 8-7129] Port la_data_out[70] in module user_proj_example is either unconnected or has no load
WARNING: [Synth 8-7129] Port la_data_out[69] in module user_proj_example is either unconnected or has no load
WARNING: [Synth 8-7129] Port la_data_out[68] in module user_proj_example is either unconnected or has no load
WARNING: [Synth 8-7129] Port la_data_out[67] in module user_proj_example is either unconnected or has no load
WARNING: [Synth 8-7129] Port la_data_out[66] in module user_proj_example is either unconnected or has no load
WARNING: [Synth 8-7129] Port la_data_out[65] in module user_proj_example is either unconnected or has no load
WARNING: [Synth 8-7129] Port la_data_out[64] in module user_proj_example is either unconnected or has no load
WARNING: [Synth 8-7129] Port la_data_out[63] in module user_proj_example is either unconnected or has no load
WARNING: [Synth 8-7129] Port la_data_out[62] in module user_proj_example is either unconnected or has no load
WARNING: [Synth 8-7129] Port la_data_out[61] in module user_proj_example is either unconnected or has no load
WARNING: [Synth 8-7129] Port la_data_out[60] in module user_proj_example is either unconnected or has no load
WARNING: [Synth 8-7129] Port la_data_out[59] in module user_proj_example is either unconnected or has no load
WARNING: [Synth 8-7129] Port la_data_out[58] in module user_proj_example is either unconnected or has no load
WARNING: [Synth 8-7129] Port la_data_out[57] in module user_proj_example is either unconnected or has no load
WARNING: [Synth 8-7129] Port la_data_out[56] in module user_proj_example is either unconnected or has no load
WARNING: [Synth 8-7129] Port la_data_out[55] in module user_proj_example is either unconnected or has no load
WARNING: [Synth 8-7129] Port la_data_out[54] in module user_proj_example is either unconnected or has no load
WARNING: [Synth 8-7129] Port la_data_out[53] in module user_proj_example is either unconnected or has no load
WARNING: [Synth 8-7129] Port la_data_out[52] in module user_proj_example is either unconnected or has no load
WARNING: [Synth 8-7129] Port la_data_out[51] in module user_proj_example is either unconnected or has no load
WARNING: [Synth 8-7129] Port la_data_out[50] in module user_proj_example is either unconnected or has no load
WARNING: [Synth 8-7129] Port la_data_out[49] in module user_proj_example is either unconnected or has no load
WARNING: [Synth 8-7129] Port la_data_out[48] in module user_proj_example is either unconnected or has no load
INFO: [Common 17-14] Message 'Synth 8-7129' appears 100 times and further instances of the messages will be disabled. Use the Tcl command set_msg_config to change the current settings.
---------------------------------------------------------------------------------
Finished RTL Elaboration : Time (s): cpu = 00:00:11 ; elapsed = 00:00:19 . Memory (MB): peak = 1640.387 ; gain = 16.344
---------------------------------------------------------------------------------
---------------------------------------------------------------------------------
Start Handling Custom Attributes
---------------------------------------------------------------------------------
---------------------------------------------------------------------------------
Finished Handling Custom Attributes : Time (s): cpu = 00:00:11 ; elapsed = 00:00:20 . Memory (MB): peak = 1640.387 ; gain = 16.344
---------------------------------------------------------------------------------
---------------------------------------------------------------------------------
Finished RTL Optimization Phase 1 : Time (s): cpu = 00:00:11 ; elapsed = 00:00:20 . Memory (MB): peak = 1640.387 ; gain = 16.344
---------------------------------------------------------------------------------
Netlist sorting complete. Time (s): cpu = 00:00:00 ; elapsed = 00:00:00.016 . Memory (MB): peak = 1640.387 ; gain = 0.000
INFO: [Project 1-570] Preparing netlist for logic optimization

Processing XDC Constraints
Initializing timing engine
Parsing XDC File [C:/Users/samlo/vivado/lab-exmem_fir/lab-exmem_fir.srcs/constrs_1/new/constrains.xdc]
Finished Parsing XDC File [C:/Users/samlo/vivado/lab-exmem_fir/lab-exmem_fir.srcs/constrs_1/new/constrains.xdc]
Completed Processing XDC Constraints

Netlist sorting complete. Time (s): cpu = 00:00:00 ; elapsed = 00:00:00 . Memory (MB): peak = 1695.922 ; gain = 0.000
INFO: [Project 1-111] Unisim Transformation Summary:
No Unisim elements were transformed.

Constraint Validation Runtime : Time (s): cpu = 00:00:00 ; elapsed = 00:00:00.337 . Memory (MB): peak = 1695.922 ; gain = 0.000
INFO: [Designutils 20-5440] No compile time benefit to using incremental synthesis; A full resynthesis will be run
INFO: [Designutils 20-4379] Flow is switching to default flow due to incremental criteria not met. If you would like to alter this behaviour and have the flow terminate instead, please set the following parameter config_implementation {autoIncr.Synth.RejectBehavior Terminate}
---------------------------------------------------------------------------------
Finished Constraint Validation : Time (s): cpu = 00:00:21 ; elapsed = 00:00:39 . Memory (MB): peak = 1695.922 ; gain = 71.879
---------------------------------------------------------------------------------
---------------------------------------------------------------------------------
Start Loading Part and Timing Information
---------------------------------------------------------------------------------
Loading part: xc7z020clg400-1
---------------------------------------------------------------------------------
Finished Loading Part and Timing Information : Time (s): cpu = 00:00:21 ; elapsed = 00:00:39 . Memory (MB): peak = 1695.922 ; gain = 71.879
---------------------------------------------------------------------------------
---------------------------------------------------------------------------------
Start Applying 'set_property' XDC Constraints
---------------------------------------------------------------------------------
---------------------------------------------------------------------------------
Finished applying 'set_property' XDC Constraints : Time (s): cpu = 00:00:21 ; elapsed = 00:00:39 . Memory (MB): peak = 1695.922 ; gain = 71.879
---------------------------------------------------------------------------------
---------------------------------------------------------------------------------
Finished RTL Optimization Phase 2 : Time (s): cpu = 00:00:22 ; elapsed = 00:00:40 . Memory (MB): peak = 1695.922 ; gain = 71.879
---------------------------------------------------------------------------------
---------------------------------------------------------------------------------
Start RTL Component Statistics 
---------------------------------------------------------------------------------
Detailed RTL Component Info : 
+---Adders : 
	   2 Input    4 Bit       Adders := 1     
+---Registers : 
	               32 Bit    Registers := 1     
	                4 Bit    Registers := 1     
	                1 Bit    Registers := 1     
+---RAMs : 
	             128K Bit	(4096 X 32 bit)          RAMs := 1     
+---Muxes : 
	   2 Input   32 Bit        Muxes := 6     
	   2 Input    8 Bit        Muxes := 1     
	   2 Input    4 Bit        Muxes := 2     
	   3 Input    1 Bit        Muxes := 1     
	   2 Input    1 Bit        Muxes := 2     
---------------------------------------------------------------------------------
Finished RTL Component Statistics 
---------------------------------------------------------------------------------
---------------------------------------------------------------------------------
Start Part Resource Summary
---------------------------------------------------------------------------------
Part Resources:
DSPs: 220 (col length:60)
BRAMs: 280 (col length: RAMB18 60 RAMB36 30)
---------------------------------------------------------------------------------
Finished Part Resource Summary
---------------------------------------------------------------------------------
---------------------------------------------------------------------------------
Start Cross Boundary and Area Optimization
---------------------------------------------------------------------------------
WARNING: [Synth 8-7080] Parallel synthesis criteria is not met
---------------------------------------------------------------------------------
Finished Cross Boundary and Area Optimization : Time (s): cpu = 00:00:24 ; elapsed = 00:00:43 . Memory (MB): peak = 1695.922 ; gain = 71.879
---------------------------------------------------------------------------------
---------------------------------------------------------------------------------
Start ROM, RAM, DSP, Shift Register and Retiming Reporting
---------------------------------------------------------------------------------

Block RAM: Preliminary Mapping Report (see note below)
+------------------+-------------------+------------------------+---+---+------------------------+---+---+------------------+--------+--------+
|Module Name       | RTL Object        | PORT A (Depth x Width) | W | R | PORT B (Depth x Width) | W | R | Ports driving FF | RAMB18 | RAMB36 | 
+------------------+-------------------+------------------------+---+---+------------------------+---+---+------------------+--------+--------+
|user_proj_example | user_bram/RAM_reg | 4 K x 32(READ_FIRST)   | W |   | 4 K x 32(WRITE_FIRST)  |   | R | Port A and B     | 0      | 4      | 
+------------------+-------------------+------------------------+---+---+------------------------+---+---+------------------+--------+--------+

Note: The table above is a preliminary report that shows the Block RAMs at the current stage of the synthesis flow. Some Block RAMs may be reimplemented as non Block RAM primitives later in the synthesis flow. Multiple instantiated Block RAMs are reported only once. 
---------------------------------------------------------------------------------
Finished ROM, RAM, DSP, Shift Register and Retiming Reporting
---------------------------------------------------------------------------------
---------------------------------------------------------------------------------
Start Applying XDC Timing Constraints
---------------------------------------------------------------------------------
---------------------------------------------------------------------------------
Finished Applying XDC Timing Constraints : Time (s): cpu = 00:00:31 ; elapsed = 00:00:51 . Memory (MB): peak = 1695.922 ; gain = 71.879
---------------------------------------------------------------------------------
---------------------------------------------------------------------------------
Start Timing Optimization
---------------------------------------------------------------------------------
---------------------------------------------------------------------------------
Finished Timing Optimization : Time (s): cpu = 00:00:32 ; elapsed = 00:00:51 . Memory (MB): peak = 1695.922 ; gain = 71.879
---------------------------------------------------------------------------------
---------------------------------------------------------------------------------
Start ROM, RAM, DSP, Shift Register and Retiming Reporting
---------------------------------------------------------------------------------

Block RAM: Final Mapping Report
+------------------+-------------------+------------------------+---+---+------------------------+---+---+------------------+--------+--------+
|Module Name       | RTL Object        | PORT A (Depth x Width) | W | R | PORT B (Depth x Width) | W | R | Ports driving FF | RAMB18 | RAMB36 | 
+------------------+-------------------+------------------------+---+---+------------------------+---+---+------------------+--------+--------+
|user_proj_example | user_bram/RAM_reg | 4 K x 32(READ_FIRST)   | W |   | 4 K x 32(WRITE_FIRST)  |   | R | Port A and B     | 0      | 4      | 
+------------------+-------------------+------------------------+---+---+------------------------+---+---+------------------+--------+--------+

---------------------------------------------------------------------------------
Finished ROM, RAM, DSP, Shift Register and Retiming Reporting
---------------------------------------------------------------------------------
---------------------------------------------------------------------------------
Start Technology Mapping
---------------------------------------------------------------------------------
INFO: [Synth 8-7052] The timing for the instance user_bram/RAM_reg_0 (implemented as a Block RAM) might be sub-optimal as no optional output register could be merged into the ram block. Providing additional output register may help in improving timing.
INFO: [Synth 8-7052] The timing for the instance user_bram/RAM_reg_1 (implemented as a Block RAM) might be sub-optimal as no optional output register could be merged into the ram block. Providing additional output register may help in improving timing.
INFO: [Synth 8-7052] The timing for the instance user_bram/RAM_reg_2 (implemented as a Block RAM) might be sub-optimal as no optional output register could be merged into the ram block. Providing additional output register may help in improving timing.
INFO: [Synth 8-7052] The timing for the instance user_bram/RAM_reg_3 (implemented as a Block RAM) might be sub-optimal as no optional output register could be merged into the ram block. Providing additional output register may help in improving timing.
---------------------------------------------------------------------------------
Finished Technology Mapping : Time (s): cpu = 00:00:32 ; elapsed = 00:00:51 . Memory (MB): peak = 1695.922 ; gain = 71.879
---------------------------------------------------------------------------------
---------------------------------------------------------------------------------
Start IO Insertion
---------------------------------------------------------------------------------
---------------------------------------------------------------------------------
Start Flattening Before IO Insertion
---------------------------------------------------------------------------------
---------------------------------------------------------------------------------
Finished Flattening Before IO Insertion
---------------------------------------------------------------------------------
---------------------------------------------------------------------------------
Start Final Netlist Cleanup
---------------------------------------------------------------------------------
---------------------------------------------------------------------------------
Finished Final Netlist Cleanup
---------------------------------------------------------------------------------
---------------------------------------------------------------------------------
Finished IO Insertion : Time (s): cpu = 00:00:37 ; elapsed = 00:00:57 . Memory (MB): peak = 1695.922 ; gain = 71.879
---------------------------------------------------------------------------------
---------------------------------------------------------------------------------
Start Renaming Generated Instances
---------------------------------------------------------------------------------
---------------------------------------------------------------------------------
Finished Renaming Generated Instances : Time (s): cpu = 00:00:37 ; elapsed = 00:00:57 . Memory (MB): peak = 1695.922 ; gain = 71.879
---------------------------------------------------------------------------------
---------------------------------------------------------------------------------
Start Rebuilding User Hierarchy
---------------------------------------------------------------------------------
---------------------------------------------------------------------------------
Finished Rebuilding User Hierarchy : Time (s): cpu = 00:00:37 ; elapsed = 00:00:57 . Memory (MB): peak = 1695.922 ; gain = 71.879
---------------------------------------------------------------------------------
---------------------------------------------------------------------------------
Start Renaming Generated Ports
---------------------------------------------------------------------------------
---------------------------------------------------------------------------------
Finished Renaming Generated Ports : Time (s): cpu = 00:00:37 ; elapsed = 00:00:57 . Memory (MB): peak = 1695.922 ; gain = 71.879
---------------------------------------------------------------------------------
---------------------------------------------------------------------------------
Start Handling Custom Attributes
---------------------------------------------------------------------------------
---------------------------------------------------------------------------------
Finished Handling Custom Attributes : Time (s): cpu = 00:00:37 ; elapsed = 00:00:57 . Memory (MB): peak = 1695.922 ; gain = 71.879
---------------------------------------------------------------------------------
---------------------------------------------------------------------------------
Start Renaming Generated Nets
---------------------------------------------------------------------------------
---------------------------------------------------------------------------------
Finished Renaming Generated Nets : Time (s): cpu = 00:00:37 ; elapsed = 00:00:57 . Memory (MB): peak = 1695.922 ; gain = 71.879
---------------------------------------------------------------------------------
---------------------------------------------------------------------------------
Start Writing Synthesis Report
---------------------------------------------------------------------------------

Report BlackBoxes: 
+-+--------------+----------+
| |BlackBox name |Instances |
+-+--------------+----------+
+-+--------------+----------+

Report Cell Usage: 
+------+---------+------+
|      |Cell     |Count |
+------+---------+------+
|1     |BUFG     |     1|
|2     |LUT2     |     1|
|3     |LUT3     |     1|
|4     |LUT4     |     5|
|5     |LUT5     |     4|
|6     |LUT6     |    12|
|7     |RAMB36E1 |     4|
|8     |FDRE     |     5|
|9     |IBUF     |    65|
|10    |OBUF     |    33|
|11    |OBUFT    |   207|
+------+---------+------+
---------------------------------------------------------------------------------
Finished Writing Synthesis Report : Time (s): cpu = 00:00:37 ; elapsed = 00:00:57 . Memory (MB): peak = 1695.922 ; gain = 71.879
---------------------------------------------------------------------------------
Synthesis finished with 0 errors, 0 critical warnings and 510 warnings.
Synthesis Optimization Runtime : Time (s): cpu = 00:00:23 ; elapsed = 00:00:46 . Memory (MB): peak = 1695.922 ; gain = 16.344
Synthesis Optimization Complete : Time (s): cpu = 00:00:37 ; elapsed = 00:00:57 . Memory (MB): peak = 1695.922 ; gain = 71.879
INFO: [Project 1-571] Translating synthesized netlist
Netlist sorting complete. Time (s): cpu = 00:00:00 ; elapsed = 00:00:00.008 . Memory (MB): peak = 1698.578 ; gain = 0.000
INFO: [Netlist 29-17] Analyzing 4 Unisim elements for replacement
INFO: [Netlist 29-28] Unisim Transformation completed in 0 CPU seconds
INFO: [Project 1-570] Preparing netlist for logic optimization
INFO: [Opt 31-138] Pushed 0 inverter(s) to 0 load pin(s).
Netlist sorting complete. Time (s): cpu = 00:00:00 ; elapsed = 00:00:00 . Memory (MB): peak = 1706.273 ; gain = 0.000
INFO: [Project 1-111] Unisim Transformation Summary:
No Unisim elements were transformed.

Synth Design complete, checksum: bcdb4f33
INFO: [Common 17-83] Releasing license: Synthesis
29 Infos, 108 Warnings, 0 Critical Warnings and 0 Errors encountered.
synth_design completed successfully
synth_design: Time (s): cpu = 00:00:43 ; elapsed = 00:01:11 . Memory (MB): peak = 1706.273 ; gain = 82.230
INFO: [Common 17-1381] The checkpoint 'C:/Users/samlo/vivado/lab-exmem_fir/lab-exmem_fir.runs/synth_1/user_proj_example.dcp' has been generated.
INFO: [runtcl-4] Executing : report_utilization -file user_proj_example_utilization_synth.rpt -pb user_proj_example_utilization_synth.pb
INFO: [Common 17-206] Exiting Vivado at Fri Nov 10 15:31:46 2023...
