Copyright 1986-2022 Xilinx, Inc. All Rights Reserved.
------------------------------------------------------------------------------------
| Tool Version : Vivado v.2022.1 (lin64) Build 3526262 Mon Apr 18 15:47:01 MDT 2022
| Date         : Wed Jan  3 15:45:22 2024
| Host         : ubuntu2004 running 64-bit Ubuntu 20.04.4 LTS
| Command      : report_timing_summary -file timing_report.log
| Design       : design_1_wrapper
| Device       : 7z020-clg400
| Speed File   : -1  PRODUCTION 1.12 2019-11-22
------------------------------------------------------------------------------------

Timing Summary Report

------------------------------------------------------------------------------------------------
| Timer Settings
| --------------
------------------------------------------------------------------------------------------------

  Enable Multi Corner Analysis               :  Yes
  Enable Pessimism Removal                   :  Yes
  Pessimism Removal Resolution               :  Nearest Common Node
  Enable Input Delay Default Clock           :  No
  Enable Preset / Clear Arcs                 :  No
  Disable Flight Delays                      :  No
  Ignore I/O Paths                           :  No
  Timing Early Launch at Borrowing Latches   :  No
  Borrow Time for Max Delay Exceptions       :  Yes
  Merge Timing Exceptions                    :  Yes

  Corner  Analyze    Analyze    
  Name    Max Paths  Min Paths  
  ------  ---------  ---------  
  Slow    Yes        Yes        
  Fast    Yes        Yes        


------------------------------------------------------------------------------------------------
| Report Methodology
| ------------------
------------------------------------------------------------------------------------------------

No report available as report_methodology has not been run prior. Run report_methodology on the current design for the summary of methodology violations.



check_timing report

Table of Contents
-----------------
1. checking no_clock (2782)
2. checking constant_clock (0)
3. checking pulse_width_clock (0)
4. checking unconstrained_internal_endpoints (2871)
5. checking no_input_delay (0)
6. checking no_output_delay (0)
7. checking multiple_clock (0)
8. checking generated_clocks (0)
9. checking loops (0)
10. checking partial_input_delay (0)
11. checking partial_output_delay (0)
12. checking latch_loops (0)

1. checking no_clock (2782)
---------------------------
 There are 310 register/latch pins with no clock driven by root clock pin: design_1_i/caravel_0/inst/housekeeping/serial_bb_clock_reg/Q (HIGH)

 There are 500 register/latch pins with no clock driven by root clock pin: design_1_i/caravel_0/inst/housekeeping/serial_bb_enable_reg/Q (HIGH)

 There are 190 register/latch pins with no clock driven by root clock pin: design_1_i/caravel_0/inst/housekeeping/serial_bb_load_reg/Q (HIGH)

 There are 310 register/latch pins with no clock driven by root clock pin: design_1_i/caravel_0/inst/housekeeping/serial_clock_pre_reg/Q (HIGH)

 There are 190 register/latch pins with no clock driven by root clock pin: design_1_i/caravel_0/inst/housekeeping/serial_load_pre_reg/Q (HIGH)

 There are 615 register/latch pins with no clock driven by root clock pin: design_1_i/caravel_0/inst/housekeeping/wbbd_busy_reg/Q (HIGH)

 There are 615 register/latch pins with no clock driven by root clock pin: design_1_i/caravel_0/inst/housekeeping/wbbd_sck_reg/Q (HIGH)

 There are 52 register/latch pins with no clock driven by root clock pin: design_1_i/caravel_0/inst/soc/core/flash_clk_reg/Q (HIGH)


2. checking constant_clock (0)
------------------------------
 There are 0 register/latch pins with constant_clock.


3. checking pulse_width_clock (0)
---------------------------------
 There are 0 register/latch pins which need pulse_width check


4. checking unconstrained_internal_endpoints (2871)
---------------------------------------------------
 There are 2871 pins that are not constrained for maximum delay. (HIGH)

 There are 0 pins that are not constrained for maximum delay due to constant clock.


5. checking no_input_delay (0)
------------------------------
 There are 0 input ports with no input delay specified.

 There are 0 input ports with no input delay but user has a false path constraint.


6. checking no_output_delay (0)
-------------------------------
 There are 0 ports with no output delay specified.

 There are 0 ports with no output delay but user has a false path constraint

 There are 0 ports with no output delay but with a timing clock defined on it or propagating through it


7. checking multiple_clock (0)
------------------------------
 There are 0 register/latch pins with multiple clocks.


8. checking generated_clocks (0)
--------------------------------
 There are 0 generated clocks that are not connected to a clock source.


9. checking loops (0)
---------------------
 There are 0 combinational loops in the design.


10. checking partial_input_delay (0)
------------------------------------
 There are 0 input ports with partial input delay specified.


11. checking partial_output_delay (0)
-------------------------------------
 There are 0 ports with partial output delay specified.


12. checking latch_loops (0)
----------------------------
 There are 0 combinational latch loops in the design through latch input



------------------------------------------------------------------------------------------------
| Design Timing Summary
| ---------------------
------------------------------------------------------------------------------------------------

    WNS(ns)      TNS(ns)  TNS Failing Endpoints  TNS Total Endpoints      WHS(ns)      THS(ns)  THS Failing Endpoints  THS Total Endpoints     WPWS(ns)     TPWS(ns)  TPWS Failing Endpoints  TPWS Total Endpoints  
    -------      -------  ---------------------  -------------------      -------      -------  ---------------------  -------------------     --------     --------  ----------------------  --------------------  
      6.331        0.000                      0                14903       -0.613       -1.199                      2                14903       11.250        0.000                       0                  5936  


Timing constraints are not met.


------------------------------------------------------------------------------------------------
| Clock Summary
| -------------
------------------------------------------------------------------------------------------------

Clock       Waveform(ns)       Period(ns)      Frequency(MHz)
-----       ------------       ----------      --------------
clk_fpga_0  {0.000 12.500}     25.000          40.000          


------------------------------------------------------------------------------------------------
| Intra Clock Table
| -----------------
------------------------------------------------------------------------------------------------

Clock             WNS(ns)      TNS(ns)  TNS Failing Endpoints  TNS Total Endpoints      WHS(ns)      THS(ns)  THS Failing Endpoints  THS Total Endpoints     WPWS(ns)     TPWS(ns)  TPWS Failing Endpoints  TPWS Total Endpoints  
-----             -------      -------  ---------------------  -------------------      -------      -------  ---------------------  -------------------     --------     --------  ----------------------  --------------------  
clk_fpga_0          6.331        0.000                      0                14672       -0.613       -1.199                      2                14672       11.250        0.000                       0                  5936  


------------------------------------------------------------------------------------------------
| Inter Clock Table
| -----------------
------------------------------------------------------------------------------------------------

From Clock    To Clock          WNS(ns)      TNS(ns)  TNS Failing Endpoints  TNS Total Endpoints      WHS(ns)      THS(ns)  THS Failing Endpoints  THS Total Endpoints  
----------    --------          -------      -------  ---------------------  -------------------      -------      -------  ---------------------  -------------------  


------------------------------------------------------------------------------------------------
| Other Path Groups Table
| -----------------------
------------------------------------------------------------------------------------------------

Path Group         From Clock         To Clock               WNS(ns)      TNS(ns)  TNS Failing Endpoints  TNS Total Endpoints      WHS(ns)      THS(ns)  THS Failing Endpoints  THS Total Endpoints  
----------         ----------         --------               -------      -------  ---------------------  -------------------      -------      -------  ---------------------  -------------------  
**async_default**  clk_fpga_0         clk_fpga_0              15.474        0.000                      0                  231        0.669        0.000                      0                  231  


------------------------------------------------------------------------------------------------
| Timing Details
| --------------
------------------------------------------------------------------------------------------------


---------------------------------------------------------------------------------------------------
From Clock:  clk_fpga_0
  To Clock:  clk_fpga_0

Setup :            0  Failing Endpoints,  Worst Slack        6.331ns,  Total Violation        0.000ns
Hold  :            2  Failing Endpoints,  Worst Slack       -0.613ns,  Total Violation       -1.199ns
PW    :            0  Failing Endpoints,  Worst Slack       11.250ns,  Total Violation        0.000ns
---------------------------------------------------------------------------------------------------


Max Delay Paths
--------------------------------------------------------------------------------------
Slack (MET) :             6.331ns  (required time - arrival time)
  Source:                 design_1_i/caravel_0/inst/soc/core/FSM_onehot_grant_reg[1]/C
                            (rising edge-triggered cell FDRE clocked by clk_fpga_0  {rise@0.000ns fall@12.500ns period=25.000ns})
  Destination:            design_1_i/caravel_0/inst/mprj/user_fir/sm_tdata_r_reg[29]/D
                            (rising edge-triggered cell FDRE clocked by clk_fpga_0  {rise@0.000ns fall@12.500ns period=25.000ns})
  Path Group:             clk_fpga_0
  Path Type:              Setup (Max at Slow Process Corner)
  Requirement:            25.000ns  (clk_fpga_0 rise@25.000ns - clk_fpga_0 rise@0.000ns)
  Data Path Delay:        18.286ns  (logic 8.792ns (48.080%)  route 9.494ns (51.920%))
  Logic Levels:           14  (CARRY4=5 DSP48E1=2 LUT2=2 LUT5=2 LUT6=3)
  Clock Path Skew:        -0.068ns (DCD - SCD + CPR)
    Destination Clock Delay (DCD):    2.648ns = ( 27.648 - 25.000 ) 
    Source Clock Delay      (SCD):    2.945ns
    Clock Pessimism Removal (CPR):    0.229ns
  Clock Uncertainty:      0.377ns  ((TSJ^2 + TIJ^2)^1/2 + DJ) / 2 + PE
    Total System Jitter     (TSJ):    0.071ns
    Total Input Jitter      (TIJ):    0.750ns
    Discrete Jitter          (DJ):    0.000ns
    Phase Error              (PE):    0.000ns

    Location             Delay type                Incr(ns)  Path(ns)    Netlist Resource(s)
  -------------------------------------------------------------------    -------------------
                         (clock clk_fpga_0 rise edge)
                                                      0.000     0.000 r  
    PS7_X0Y0             PS7                          0.000     0.000 r  design_1_i/processing_system7_0/inst/PS7_i/FCLKCLK[0]
                         net (fo=1, routed)           1.193     1.193    design_1_i/processing_system7_0/inst/FCLK_CLK_unbuffered[0]
    BUFGCTRL_X0Y21       BUFG (Prop_bufg_I_O)         0.101     1.294 r  design_1_i/processing_system7_0/inst/buffer_fclk_clk_0.FCLK_CLK_0_BUFG/O
                         net (fo=5630, routed)        1.651     2.945    design_1_i/caravel_0/inst/soc/core/clock
    SLICE_X46Y56         FDRE                                         r  design_1_i/caravel_0/inst/soc/core/FSM_onehot_grant_reg[1]/C
  -------------------------------------------------------------------    -------------------
    SLICE_X46Y56         FDRE (Prop_fdre_C_Q)         0.478     3.423 r  design_1_i/caravel_0/inst/soc/core/FSM_onehot_grant_reg[1]/Q
                         net (fo=247, routed)         3.125     6.548    design_1_i/caravel_0/inst/soc/core/VexRiscv/IBusCachedPlugin_cache/grant_reg[1]
    SLICE_X62Y70         LUT5 (Prop_lut5_I4_O)        0.295     6.843 f  design_1_i/caravel_0/inst/soc/core/VexRiscv/IBusCachedPlugin_cache/RAM_reg_i_10/O
                         net (fo=135, routed)         2.177     9.021    design_1_i/caravel_0/inst/soc/core/VexRiscv/IBusCachedPlugin_cache/DI[0]
    SLICE_X53Y67         LUT6 (Prop_lut6_I1_O)        0.124     9.145 f  design_1_i/caravel_0/inst/soc/core/VexRiscv/IBusCachedPlugin_cache/data_length_count[0]_i_7/O
                         net (fo=1, routed)           0.263     9.408    design_1_i/caravel_0/inst/soc/core/VexRiscv/IBusCachedPlugin_cache/data_length_count[0]_i_7_n_0
    SLICE_X53Y67         LUT6 (Prop_lut6_I2_O)        0.124     9.532 r  design_1_i/caravel_0/inst/soc/core/VexRiscv/IBusCachedPlugin_cache/data_length_count[0]_i_4/O
                         net (fo=3, routed)           0.883    10.414    design_1_i/caravel_0/inst/soc/core/VexRiscv/IBusCachedPlugin_cache/lineLoader_address_reg[16]_0
    SLICE_X50Y66         LUT6 (Prop_lut6_I5_O)        0.124    10.538 r  design_1_i/caravel_0/inst/soc/core/VexRiscv/IBusCachedPlugin_cache/old_cof_data_r[31]_i_2/O
                         net (fo=68, routed)          1.119    11.657    design_1_i/caravel_0/inst/mprj/user_fir/fir_ctrl_tap/sm_tdata_r1__1
    SLICE_X34Y63         LUT5 (Prop_lut5_I1_O)        0.124    11.781 r  design_1_i/caravel_0/inst/mprj/user_fir/fir_ctrl_tap/sm_tdata_r1_i_27/O
                         net (fo=2, routed)           0.668    12.450    design_1_i/caravel_0/inst/mprj/user_fir/o_cof_data[5]
    DSP48_X2Y25          DSP48E1 (Prop_dsp48e1_B[5]_PCOUT[47])
                                                      3.851    16.301 r  design_1_i/caravel_0/inst/mprj/user_fir/sm_tdata_r1__0/PCOUT[47]
                         net (fo=1, routed)           0.002    16.303    design_1_i/caravel_0/inst/mprj/user_fir/sm_tdata_r1__0_n_106
    DSP48_X2Y26          DSP48E1 (Prop_dsp48e1_PCIN[47]_P[0])
                                                      1.518    17.821 r  design_1_i/caravel_0/inst/mprj/user_fir/sm_tdata_r1__1/P[0]
                         net (fo=2, routed)           0.808    18.629    design_1_i/caravel_0/inst/mprj/user_fir/sm_tdata_r1__1_n_105
    SLICE_X36Y65         LUT2 (Prop_lut2_I0_O)        0.124    18.753 r  design_1_i/caravel_0/inst/mprj/user_fir/sm_tdata_r1_carry_i_3/O
                         net (fo=1, routed)           0.000    18.753    design_1_i/caravel_0/inst/mprj/user_fir/sm_tdata_r1_carry_i_3_n_0
    SLICE_X36Y65         CARRY4 (Prop_carry4_S[1]_CO[3])
                                                      0.533    19.286 r  design_1_i/caravel_0/inst/mprj/user_fir/sm_tdata_r1_carry/CO[3]
                         net (fo=1, routed)           0.000    19.286    design_1_i/caravel_0/inst/mprj/user_fir/sm_tdata_r1_carry_n_0
    SLICE_X36Y66         CARRY4 (Prop_carry4_CI_CO[3])
                                                      0.117    19.403 r  design_1_i/caravel_0/inst/mprj/user_fir/sm_tdata_r1_carry__0/CO[3]
                         net (fo=1, routed)           0.000    19.403    design_1_i/caravel_0/inst/mprj/user_fir/sm_tdata_r1_carry__0_n_0
    SLICE_X36Y67         CARRY4 (Prop_carry4_CI_O[0])
                                                      0.219    19.622 r  design_1_i/caravel_0/inst/mprj/user_fir/sm_tdata_r1_carry__1/O[0]
                         net (fo=1, routed)           0.448    20.070    design_1_i/caravel_0/inst/mprj/user_fir/sm_tdata_r1_carry__1_n_7
    SLICE_X39Y67         LUT2 (Prop_lut2_I1_O)        0.295    20.365 r  design_1_i/caravel_0/inst/mprj/user_fir/sm_tdata_r0_carry__5_i_4/O
                         net (fo=1, routed)           0.000    20.365    design_1_i/caravel_0/inst/mprj/user_fir/sm_tdata_r0_carry__5_i_4_n_0
    SLICE_X39Y67         CARRY4 (Prop_carry4_S[0]_CO[3])
                                                      0.532    20.897 r  design_1_i/caravel_0/inst/mprj/user_fir/sm_tdata_r0_carry__5/CO[3]
                         net (fo=1, routed)           0.000    20.897    design_1_i/caravel_0/inst/mprj/user_fir/sm_tdata_r0_carry__5_n_0
    SLICE_X39Y68         CARRY4 (Prop_carry4_CI_O[1])
                                                      0.334    21.231 r  design_1_i/caravel_0/inst/mprj/user_fir/sm_tdata_r0_carry__6/O[1]
                         net (fo=1, routed)           0.000    21.231    design_1_i/caravel_0/inst/mprj/user_fir/sm_tdata_r0_carry__6_n_6
    SLICE_X39Y68         FDRE                                         r  design_1_i/caravel_0/inst/mprj/user_fir/sm_tdata_r_reg[29]/D
  -------------------------------------------------------------------    -------------------

                         (clock clk_fpga_0 rise edge)
                                                     25.000    25.000 r  
    PS7_X0Y0             PS7                          0.000    25.000 r  design_1_i/processing_system7_0/inst/PS7_i/FCLKCLK[0]
                         net (fo=1, routed)           1.088    26.088    design_1_i/processing_system7_0/inst/FCLK_CLK_unbuffered[0]
    BUFGCTRL_X0Y21       BUFG (Prop_bufg_I_O)         0.091    26.179 r  design_1_i/processing_system7_0/inst/buffer_fclk_clk_0.FCLK_CLK_0_BUFG/O
                         net (fo=5630, routed)        1.469    27.648    design_1_i/caravel_0/inst/mprj/user_fir/clock
    SLICE_X39Y68         FDRE                                         r  design_1_i/caravel_0/inst/mprj/user_fir/sm_tdata_r_reg[29]/C
                         clock pessimism              0.229    27.877    
                         clock uncertainty           -0.377    27.500    
    SLICE_X39Y68         FDRE (Setup_fdre_C_D)        0.062    27.562    design_1_i/caravel_0/inst/mprj/user_fir/sm_tdata_r_reg[29]
  -------------------------------------------------------------------
                         required time                         27.562    
                         arrival time                         -21.231    
  -------------------------------------------------------------------
                         slack                                  6.331    





Min Delay Paths
--------------------------------------------------------------------------------------
Slack (VIOLATED) :        -0.613ns  (arrival time - required time)
  Source:                 design_1_i/processing_system7_0/inst/PS7_i/FCLKCLK[0]
                            (clock source 'clk_fpga_0'  {rise@0.000ns fall@12.500ns period=25.000ns})
  Destination:            design_1_i/caravel_ps_0/inst/control_s_axi_U/int_ps_mprj_out_reg[15]/D
                            (rising edge-triggered cell FDRE clocked by clk_fpga_0  {rise@0.000ns fall@12.500ns period=25.000ns})
  Path Group:             clk_fpga_0
  Path Type:              Hold (Min at Fast Process Corner)
  Requirement:            0.000ns  (clk_fpga_0 rise@0.000ns - clk_fpga_0 rise@0.000ns)
  Data Path Delay:        1.161ns  (logic 0.071ns (6.117%)  route 1.090ns (93.883%))
  Logic Levels:           2  (BUFG=1 LUT6=1)
  Clock Path Skew:        1.276ns (DCD - SCD - CPR)
    Destination Clock Delay (DCD):    1.276ns
    Source Clock Delay      (SCD):    0.000ns
    Clock Pessimism Removal (CPR):    -0.000ns
  Clock Uncertainty:      0.377ns  ((TSJ^2 + TIJ^2)^1/2 + DJ) / 2 + PE
    Total System Jitter     (TSJ):    0.071ns
    Total Input Jitter      (TIJ):    0.750ns
    Discrete Jitter          (DJ):    0.000ns
    Phase Error              (PE):    0.000ns

    Location             Delay type                Incr(ns)  Path(ns)    Netlist Resource(s)
  -------------------------------------------------------------------    -------------------
                         (clock clk_fpga_0 rise edge)
                                                      0.000     0.000 r  
    PS7_X0Y0             PS7                          0.000     0.000 r  design_1_i/processing_system7_0/inst/PS7_i/FCLKCLK[0]
                         net (fo=1, routed)           0.310     0.310    design_1_i/processing_system7_0/inst/FCLK_CLK_unbuffered[0]
    BUFGCTRL_X0Y21       BUFG (Prop_bufg_I_O)         0.026     0.336 r  design_1_i/processing_system7_0/inst/buffer_fclk_clk_0.FCLK_CLK_0_BUFG/O
                         net (fo=5630, routed)        0.780     1.116    design_1_i/caravel_0/inst/gpio_control_in_1[7]/clock
    SLICE_X42Y106        LUT6 (Prop_lut6_I3_O)        0.045     1.161 r  design_1_i/caravel_0/inst/gpio_control_in_1[7]/mprj_o[15]_INST_0/O
                         net (fo=1, routed)           0.000     1.161    design_1_i/caravel_ps_0/inst/control_s_axi_U/mprj_out[15]
    SLICE_X42Y106        FDRE                                         r  design_1_i/caravel_ps_0/inst/control_s_axi_U/int_ps_mprj_out_reg[15]/D
  -------------------------------------------------------------------    -------------------

                         (clock clk_fpga_0 rise edge)
                                                      0.000     0.000 r  
    PS7_X0Y0             PS7                          0.000     0.000 r  design_1_i/processing_system7_0/inst/PS7_i/FCLKCLK[0]
                         net (fo=1, routed)           0.337     0.337    design_1_i/processing_system7_0/inst/FCLK_CLK_unbuffered[0]
    BUFGCTRL_X0Y21       BUFG (Prop_bufg_I_O)         0.029     0.366 r  design_1_i/processing_system7_0/inst/buffer_fclk_clk_0.FCLK_CLK_0_BUFG/O
                         net (fo=5630, routed)        0.910     1.276    design_1_i/caravel_ps_0/inst/control_s_axi_U/ap_clk
    SLICE_X42Y106        FDRE                                         r  design_1_i/caravel_ps_0/inst/control_s_axi_U/int_ps_mprj_out_reg[15]/C
                         clock pessimism              0.000     1.276    
                         clock uncertainty            0.377     1.653    
    SLICE_X42Y106        FDRE (Hold_fdre_C_D)         0.121     1.774    design_1_i/caravel_ps_0/inst/control_s_axi_U/int_ps_mprj_out_reg[15]
  -------------------------------------------------------------------
                         required time                         -1.774    
                         arrival time                           1.161    
  -------------------------------------------------------------------
                         slack                                 -0.613    





Pulse Width Checks
--------------------------------------------------------------------------------------
Clock Name:         clk_fpga_0
Waveform(ns):       { 0.000 12.500 }
Period(ns):         25.000
Sources:            { design_1_i/processing_system7_0/inst/PS7_i/FCLKCLK[0] }

Check Type        Corner  Lib Pin             Reference Pin  Required(ns)  Actual(ns)  Slack(ns)  Location      Pin
Min Period        n/a     RAMB36E1/CLKARDCLK  n/a            2.944         25.000      22.056     RAMB36_X2Y11  design_1_i/caravel_0/inst/mprj/user_exmem_pipeline/user_bram/RAM_reg_0/CLKARDCLK
Low Pulse Width   Slow    RAMD32/CLK          n/a            1.250         12.500      11.250     SLICE_X26Y41  design_1_i/axi_mem_intercon/s00_couplers/auto_pc/inst/gen_axi4_axi3.axi3_conv_inst/USE_READ.USE_SPLIT_R.read_addr_inst/USE_R_CHANNEL.cmd_queue/inst/fifo_gen_inst/inst_fifo_gen/gconvfifo.rf/grf.rf/gntv_or_sync_fifo.mem/gdm.dm_gen.dm/RAM_reg_0_31_0_0/DP/CLK
High Pulse Width  Slow    RAMD32/CLK          n/a            1.250         12.500      11.250     SLICE_X26Y41  design_1_i/axi_mem_intercon/s00_couplers/auto_pc/inst/gen_axi4_axi3.axi3_conv_inst/USE_READ.USE_SPLIT_R.read_addr_inst/USE_R_CHANNEL.cmd_queue/inst/fifo_gen_inst/inst_fifo_gen/gconvfifo.rf/grf.rf/gntv_or_sync_fifo.mem/gdm.dm_gen.dm/RAM_reg_0_31_0_0/DP/CLK



---------------------------------------------------------------------------------------------------
Path Group:  **async_default**
From Clock:  clk_fpga_0
  To Clock:  clk_fpga_0

Setup :            0  Failing Endpoints,  Worst Slack       15.474ns,  Total Violation        0.000ns
Hold  :            0  Failing Endpoints,  Worst Slack        0.669ns,  Total Violation        0.000ns
---------------------------------------------------------------------------------------------------


Max Delay Paths
--------------------------------------------------------------------------------------
Slack (MET) :             15.474ns  (required time - arrival time)
  Source:                 design_1_i/output_pin_0/inst/control_s_axi_U/int_outpin_ctrl_reg[0]/C
                            (rising edge-triggered cell FDRE clocked by clk_fpga_0  {rise@0.000ns fall@12.500ns period=25.000ns})
  Destination:            design_1_i/caravel_0/inst/housekeeping/serial_data_staging_2_reg[10]/CLR
                            (recovery check against rising-edge clock clk_fpga_0  {rise@0.000ns fall@12.500ns period=25.000ns})
  Path Group:             **async_default**
  Path Type:              Recovery (Max at Slow Process Corner)
  Requirement:            25.000ns  (clk_fpga_0 rise@25.000ns - clk_fpga_0 rise@0.000ns)
  Data Path Delay:        8.749ns  (logic 0.580ns (6.629%)  route 8.169ns (93.371%))
  Logic Levels:           1  (LUT1=1)
  Clock Path Skew:        0.005ns (DCD - SCD + CPR)
    Destination Clock Delay (DCD):    2.821ns = ( 27.821 - 25.000 ) 
    Source Clock Delay      (SCD):    2.945ns
    Clock Pessimism Removal (CPR):    0.129ns
  Clock Uncertainty:      0.377ns  ((TSJ^2 + TIJ^2)^1/2 + DJ) / 2 + PE
    Total System Jitter     (TSJ):    0.071ns
    Total Input Jitter      (TIJ):    0.750ns
    Discrete Jitter          (DJ):    0.000ns
    Phase Error              (PE):    0.000ns

    Location             Delay type                Incr(ns)  Path(ns)    Netlist Resource(s)
  -------------------------------------------------------------------    -------------------
                         (clock clk_fpga_0 rise edge)
                                                      0.000     0.000 r  
    PS7_X0Y0             PS7                          0.000     0.000 r  design_1_i/processing_system7_0/inst/PS7_i/FCLKCLK[0]
                         net (fo=1, routed)           1.193     1.193    design_1_i/processing_system7_0/inst/FCLK_CLK_unbuffered[0]
    BUFGCTRL_X0Y21       BUFG (Prop_bufg_I_O)         0.101     1.294 r  design_1_i/processing_system7_0/inst/buffer_fclk_clk_0.FCLK_CLK_0_BUFG/O
                         net (fo=5630, routed)        1.651     2.945    design_1_i/output_pin_0/inst/control_s_axi_U/ap_clk
    SLICE_X35Y91         FDRE                                         r  design_1_i/output_pin_0/inst/control_s_axi_U/int_outpin_ctrl_reg[0]/C
  -------------------------------------------------------------------    -------------------
    SLICE_X35Y91         FDRE (Prop_fdre_C_Q)         0.456     3.401 r  design_1_i/output_pin_0/inst/control_s_axi_U/int_outpin_ctrl_reg[0]/Q
                         net (fo=11, routed)          2.100     5.501    design_1_i/caravel_0/inst/housekeeping/resetb
    SLICE_X43Y93         LUT1 (Prop_lut1_I0_O)        0.124     5.625 f  design_1_i/caravel_0/inst/housekeeping/FSM_sequential_xfer_state[0]_i_2/O
                         net (fo=662, routed)         6.069    11.694    design_1_i/caravel_0/inst/housekeeping/pad_flash_csb_oeb0
    SLICE_X37Y119        FDCE                                         f  design_1_i/caravel_0/inst/housekeeping/serial_data_staging_2_reg[10]/CLR
  -------------------------------------------------------------------    -------------------

                         (clock clk_fpga_0 rise edge)
                                                     25.000    25.000 r  
    PS7_X0Y0             PS7                          0.000    25.000 r  design_1_i/processing_system7_0/inst/PS7_i/FCLKCLK[0]
                         net (fo=1, routed)           1.088    26.088    design_1_i/processing_system7_0/inst/FCLK_CLK_unbuffered[0]
    BUFGCTRL_X0Y21       BUFG (Prop_bufg_I_O)         0.091    26.179 r  design_1_i/processing_system7_0/inst/buffer_fclk_clk_0.FCLK_CLK_0_BUFG/O
                         net (fo=5630, routed)        1.642    27.821    design_1_i/caravel_0/inst/housekeeping/clock
    SLICE_X37Y119        FDCE                                         r  design_1_i/caravel_0/inst/housekeeping/serial_data_staging_2_reg[10]/C
                         clock pessimism              0.129    27.950    
                         clock uncertainty           -0.377    27.573    
    SLICE_X37Y119        FDCE (Recov_fdce_C_CLR)     -0.405    27.168    design_1_i/caravel_0/inst/housekeeping/serial_data_staging_2_reg[10]
  -------------------------------------------------------------------
                         required time                         27.168    
                         arrival time                         -11.694    
  -------------------------------------------------------------------
                         slack                                 15.474    





Min Delay Paths
--------------------------------------------------------------------------------------
Slack (MET) :             0.669ns  (arrival time - required time)
  Source:                 design_1_i/axi_mem_intercon/s00_couplers/auto_pc/inst/gen_axi4_axi3.axi3_conv_inst/USE_READ.USE_SPLIT_R.read_addr_inst/USE_R_CHANNEL.cmd_queue/inst/fifo_gen_inst/inst_fifo_gen/gconvfifo.rf/grf.rf/rstblk/ngwrdrst.grst.g7serrst.gnsckt_wrst.rst_wr_reg2_inst/arststages_ff_reg[1]/C
                            (rising edge-triggered cell FDPE clocked by clk_fpga_0  {rise@0.000ns fall@12.500ns period=25.000ns})
  Destination:            design_1_i/axi_mem_intercon/s00_couplers/auto_pc/inst/gen_axi4_axi3.axi3_conv_inst/USE_READ.USE_SPLIT_R.read_addr_inst/USE_R_CHANNEL.cmd_queue/inst/fifo_gen_inst/inst_fifo_gen/gconvfifo.rf/grf.rf/gntv_or_sync_fifo.gl0.rd/rpntr/gc0.count_d1_reg[2]/CLR
                            (removal check against rising-edge clock clk_fpga_0  {rise@0.000ns fall@12.500ns period=25.000ns})
  Path Group:             **async_default**
  Path Type:              Removal (Min at Fast Process Corner)
  Requirement:            0.000ns  (clk_fpga_0 rise@0.000ns - clk_fpga_0 rise@0.000ns)
  Data Path Delay:        0.616ns  (logic 0.227ns (36.854%)  route 0.389ns (63.146%))
  Logic Levels:           1  (LUT3=1)
  Clock Path Skew:        0.014ns (DCD - SCD - CPR)
    Destination Clock Delay (DCD):    1.224ns
    Source Clock Delay      (SCD):    0.928ns
    Clock Pessimism Removal (CPR):    0.282ns

    Location             Delay type                Incr(ns)  Path(ns)    Netlist Resource(s)
  -------------------------------------------------------------------    -------------------
                         (clock clk_fpga_0 rise edge)
                                                      0.000     0.000 r  
    PS7_X0Y0             PS7                          0.000     0.000 r  design_1_i/processing_system7_0/inst/PS7_i/FCLKCLK[0]
                         net (fo=1, routed)           0.310     0.310    design_1_i/processing_system7_0/inst/FCLK_CLK_unbuffered[0]
    BUFGCTRL_X0Y21       BUFG (Prop_bufg_I_O)         0.026     0.336 r  design_1_i/processing_system7_0/inst/buffer_fclk_clk_0.FCLK_CLK_0_BUFG/O
                         net (fo=5630, routed)        0.592     0.928    design_1_i/axi_mem_intercon/s00_couplers/auto_pc/inst/gen_axi4_axi3.axi3_conv_inst/USE_READ.USE_SPLIT_R.read_addr_inst/USE_R_CHANNEL.cmd_queue/inst/fifo_gen_inst/inst_fifo_gen/gconvfifo.rf/grf.rf/rstblk/ngwrdrst.grst.g7serrst.gnsckt_wrst.rst_wr_reg2_inst/dest_clk
    SLICE_X27Y47         FDPE                                         r  design_1_i/axi_mem_intercon/s00_couplers/auto_pc/inst/gen_axi4_axi3.axi3_conv_inst/USE_READ.USE_SPLIT_R.read_addr_inst/USE_R_CHANNEL.cmd_queue/inst/fifo_gen_inst/inst_fifo_gen/gconvfifo.rf/grf.rf/rstblk/ngwrdrst.grst.g7serrst.gnsckt_wrst.rst_wr_reg2_inst/arststages_ff_reg[1]/C
  -------------------------------------------------------------------    -------------------
    SLICE_X27Y47         FDPE (Prop_fdpe_C_Q)         0.128     1.056 f  design_1_i/axi_mem_intercon/s00_couplers/auto_pc/inst/gen_axi4_axi3.axi3_conv_inst/USE_READ.USE_SPLIT_R.read_addr_inst/USE_R_CHANNEL.cmd_queue/inst/fifo_gen_inst/inst_fifo_gen/gconvfifo.rf/grf.rf/rstblk/ngwrdrst.grst.g7serrst.gnsckt_wrst.rst_wr_reg2_inst/arststages_ff_reg[1]/Q
                         net (fo=2, routed)           0.118     1.173    design_1_i/axi_mem_intercon/s00_couplers/auto_pc/inst/gen_axi4_axi3.axi3_conv_inst/USE_READ.USE_SPLIT_R.read_addr_inst/USE_R_CHANNEL.cmd_queue/inst/fifo_gen_inst/inst_fifo_gen/gconvfifo.rf/grf.rf/rstblk/ngwrdrst.rst_wr_reg2
    SLICE_X27Y46         LUT3 (Prop_lut3_I2_O)        0.099     1.272 f  design_1_i/axi_mem_intercon/s00_couplers/auto_pc/inst/gen_axi4_axi3.axi3_conv_inst/USE_READ.USE_SPLIT_R.read_addr_inst/USE_R_CHANNEL.cmd_queue/inst/fifo_gen_inst/inst_fifo_gen/gconvfifo.rf/grf.rf/rstblk/gpregsm1.curr_fwft_state[1]_i_2/O
                         net (fo=33, routed)          0.271     1.543    design_1_i/axi_mem_intercon/s00_couplers/auto_pc/inst/gen_axi4_axi3.axi3_conv_inst/USE_READ.USE_SPLIT_R.read_addr_inst/USE_R_CHANNEL.cmd_queue/inst/fifo_gen_inst/inst_fifo_gen/gconvfifo.rf/grf.rf/gntv_or_sync_fifo.gl0.rd/rpntr/gc0.count_d1_reg[4]_1
    SLICE_X26Y42         FDCE                                         f  design_1_i/axi_mem_intercon/s00_couplers/auto_pc/inst/gen_axi4_axi3.axi3_conv_inst/USE_READ.USE_SPLIT_R.read_addr_inst/USE_R_CHANNEL.cmd_queue/inst/fifo_gen_inst/inst_fifo_gen/gconvfifo.rf/grf.rf/gntv_or_sync_fifo.gl0.rd/rpntr/gc0.count_d1_reg[2]/CLR
  -------------------------------------------------------------------    -------------------

                         (clock clk_fpga_0 rise edge)
                                                      0.000     0.000 r  
    PS7_X0Y0             PS7                          0.000     0.000 r  design_1_i/processing_system7_0/inst/PS7_i/FCLKCLK[0]
                         net (fo=1, routed)           0.337     0.337    design_1_i/processing_system7_0/inst/FCLK_CLK_unbuffered[0]
    BUFGCTRL_X0Y21       BUFG (Prop_bufg_I_O)         0.029     0.366 r  design_1_i/processing_system7_0/inst/buffer_fclk_clk_0.FCLK_CLK_0_BUFG/O
                         net (fo=5630, routed)        0.858     1.224    design_1_i/axi_mem_intercon/s00_couplers/auto_pc/inst/gen_axi4_axi3.axi3_conv_inst/USE_READ.USE_SPLIT_R.read_addr_inst/USE_R_CHANNEL.cmd_queue/inst/fifo_gen_inst/inst_fifo_gen/gconvfifo.rf/grf.rf/gntv_or_sync_fifo.gl0.rd/rpntr/clk
    SLICE_X26Y42         FDCE                                         r  design_1_i/axi_mem_intercon/s00_couplers/auto_pc/inst/gen_axi4_axi3.axi3_conv_inst/USE_READ.USE_SPLIT_R.read_addr_inst/USE_R_CHANNEL.cmd_queue/inst/fifo_gen_inst/inst_fifo_gen/gconvfifo.rf/grf.rf/gntv_or_sync_fifo.gl0.rd/rpntr/gc0.count_d1_reg[2]/C
                         clock pessimism             -0.282     0.942    
    SLICE_X26Y42         FDCE (Remov_fdce_C_CLR)     -0.067     0.875    design_1_i/axi_mem_intercon/s00_couplers/auto_pc/inst/gen_axi4_axi3.axi3_conv_inst/USE_READ.USE_SPLIT_R.read_addr_inst/USE_R_CHANNEL.cmd_queue/inst/fifo_gen_inst/inst_fifo_gen/gconvfifo.rf/grf.rf/gntv_or_sync_fifo.gl0.rd/rpntr/gc0.count_d1_reg[2]
  -------------------------------------------------------------------
                         required time                         -0.874    
                         arrival time                           1.543    
  -------------------------------------------------------------------
                         slack                                  0.669    





